<?xml version="1.0" encoding="UTF-8"?>
<!-- Generated by org.testng.reporters.JUnitReportReporter -->
<testsuite hostname="DESKTOP-SFNQ1HR" failures="0" tests="1" name="TestAutomation.suites.AllStudentsCompleteTest" time="128.803" errors="0" timestamp="27 Sep 2024 03:54:47 GMT">
  <testcase classname="TestAutomation.suites.AllStudentsCompleteTest" name="verifystudentDetailworkFlows" time="128.803"/>
</testsuite> <!-- TestAutomation.suites.AllStudentsCompleteTest -->
