<?xml version="1.0" encoding="UTF-8"?>
<!-- Generated by org.testng.reporters.JUnitReportReporter -->
<testsuite hostname="DESKTOP-SFNQ1HR" failures="0" tests="2" name="TestAutomation.suites.StudentCompleteTest" time="90.948" errors="0" timestamp="26 Sep 2024 04:42:43 GMT">
  <testcase classname="TestAutomation.suites.StudentCompleteTest" name="verifyStudentLogin" time="84.110"/>
  <testcase classname="TestAutomation.suites.StudentCompleteTest" name="verifyStudentPlacement" time="6.838"/>
</testsuite> <!-- TestAutomation.suites.StudentCompleteTest -->
